{[0.7467891531600376 2.5528763956154616 2.576904806701173 2.9646124706468333 2.2480853783621946]}
start fit 3.822807
{[0.14788273258947376 0.8402174216056272 2.2916052768023545 2.16657501412911 1.850855210831451 1.1777761545390892 1.4263379159892042 0.8178226790033523 0.2161577999318598 1.3087375912351522]}
new fit 9.061724
{[0.27040473946531834 0.8402174216056272 2.2916052768023545 2.16657501412911 1.850855210831451 1.1777761545390892 1.4263379159892042 0.8178226790033523 0.2161577999318598 1.3087375912351522]}
new fit 16.428060
{[0.5449455913307792 0.8402174216056272 2.2916052768023545 2.16657501412911 1.850855210831451 1.1777761545390892 1.4263379159892042 0.8178226790033523 0.2161577999318598 1.3087375912351522]}
new fit 31.880023
{[0.7925045468017877 0.8402174216056272 2.2916052768023545 2.16657501412911 1.850855210831451 1.1777761545390892 1.4263379159892042 0.8178226790033523 0.2161577999318598 1.3087375912351522]}
new fit 43.795238
{[1.2086437166688446 0.8402174216056272 2.2916052768023545 2.16657501412911 1.850855210831451 1.1777761545390892 1.4263379159892042 0.8178226790033523 0.2161577999318598 1.3087375912351522]}
new fit 57.511196
{[1.233018472440028 0.8402174216056272 2.2916052768023545 2.16657501412911 1.850855210831451 1.1777761545390892 1.4263379159892042 0.8178226790033523 0.2161577999318598 1.3087375912351522]}
new fit 58.025157
{[1.348598819851202 0.8402174216056272 2.2916052768023545 2.16657501412911 1.850855210831451 1.1777761545390892 1.4263379159892042 0.8178226790033523 0.2161577999318598 1.3087375912351522]}
new fit 59.988379
{[1.5937428674716778 0.8402174216056272 2.2916052768023545 2.16657501412911 1.850855210831451 1.1777761545390892 1.4263379159892042 0.8178226790033523 0.2161577999318598 1.3087375912351522]}
new fit 61.484141
{[1.5657179586178742 0.8402174216056272 2.2916052768023545 2.16657501412911 1.850855210831451 1.1777761545390892 1.4263379159892042 0.8178226790033523 0.2161577999318598 1.3087375912351522]}
new fit 61.499539
{1 100 61.49953875139646}
